<?xml version="1.0" encoding="UTF-8"?>
<testng-results ignored="0" total="2" passed="2" failed="0" skipped="0">
  <reporter-output>
  </reporter-output>
  <suite started-at="2023-12-13T12:03:23 IST" name="Suite" finished-at="2023-12-13T12:05:12 IST" duration-ms="108297">
    <groups>
    </groups>
    <test started-at="2023-12-13T12:03:23 IST" name="Test" finished-at="2023-12-13T12:05:12 IST" duration-ms="108297">
      <class name="test1.Demo">
        <test-method is-config="true" signature="setup()[pri:0, instance:test1.Demo@70e9c95d]" started-at="2023-12-13T12:03:24 IST" name="setup" finished-at="2023-12-13T12:04:39 IST" duration-ms="75848" status="PASS">
          <reporter-output>
          </reporter-output>
        </test-method> <!-- setup -->
        <test-method signature="verifyTitle()[pri:1, instance:test1.Demo@70e9c95d]" started-at="2023-12-13T12:04:39 IST" name="verifyTitle" finished-at="2023-12-13T12:04:39 IST" duration-ms="19" status="PASS">
          <reporter-output>
          </reporter-output>
        </test-method> <!-- verifyTitle -->
        <test-method is-config="true" signature="tearDown()[pri:0, instance:test1.Demo@70e9c95d]" started-at="2023-12-13T12:04:39 IST" name="tearDown" finished-at="2023-12-13T12:04:41 IST" duration-ms="1176" status="PASS">
          <reporter-output>
          </reporter-output>
        </test-method> <!-- tearDown -->
        <test-method is-config="true" signature="setup()[pri:0, instance:test1.Demo@70e9c95d]" started-at="2023-12-13T12:04:41 IST" name="setup" finished-at="2023-12-13T12:05:11 IST" duration-ms="30237" status="PASS">
          <reporter-output>
          </reporter-output>
        </test-method> <!-- setup -->
        <test-method signature="verifyLogo()[pri:2, instance:test1.Demo@70e9c95d]" started-at="2023-12-13T12:05:11 IST" name="verifyLogo" finished-at="2023-12-13T12:05:11 IST" duration-ms="462" status="PASS">
          <reporter-output>
          </reporter-output>
        </test-method> <!-- verifyLogo -->
        <test-method is-config="true" signature="tearDown()[pri:0, instance:test1.Demo@70e9c95d]" started-at="2023-12-13T12:05:11 IST" name="tearDown" finished-at="2023-12-13T12:05:12 IST" duration-ms="436" status="PASS">
          <reporter-output>
          </reporter-output>
        </test-method> <!-- tearDown -->
      </class> <!-- test1.Demo -->
    </test> <!-- Test -->
  </suite> <!-- Suite -->
</testng-results>
